vrapp/gvr-events/app/build/outputs/logs/manifest-merger-debug-report.txt
-- Merging decision tree log ---
manifest
ADDED from src\main\AndroidManifest.xml:1:1-38:12
	package
		ADDED from src\main\AndroidManifest.xml:2:5-33
	android:versionName
		ADDED from src\main\AndroidManifest.xml:5:5-30
		INJECTED from src\main\AndroidManifest.xml
		INJECTED from src\main\AndroidManifest.xml
	xmlns:tools
		ADDED from src\main\AndroidManifest.xml:3:5-51
	android:versionCode
		ADDED from src\main\AndroidManifest.xml:4:5-28
		INJECTED from src\main\AndroidManifest.xml
		INJECTED from src\main\AndroidManifest.xml
	xmlns:android
		ADDED from src\main\AndroidManifest.xml:1:11-69
uses-permission#android.permission.READ_EXTERNAL_STORAGE
ADDED from src\main\AndroidManifest.xml:7:5-79
MERGED from [:google-vr-base:] AndroidManifest.xml:7:5-79
	android:name
		ADDED from src\main\AndroidManifest.xml:7:22-77
uses-permission#android.permission.ACCESS_NETWORK_STATE
ADDED from src\main\AndroidManifest.xml:8:5-79
	android:name
		ADDED from src\main\AndroidManifest.xml:8:22-76
uses-sdk
ADDED from src\main\AndroidManifest.xml:10:5-12:41
MERGED from [:framework-debug:] AndroidManifest.xml:23:5-25:41
MERGED from [:google-vr-base:] AndroidManifest.xml:4:5-73
MERGED from [:google-vr-common:] AndroidManifest.xml:3:5-73
	android:targetSdkVersion
		ADDED from src\main\AndroidManifest.xml:12:9-38
		INJECTED from src\main\AndroidManifest.xml
		INJECTED from src\main\AndroidManifest.xml
	android:minSdkVersion
		ADDED from src\main\AndroidManifest.xml:11:9-35
		INJECTED from src\main\AndroidManifest.xml
		INJECTED from src\main\AndroidManifest.xml
application
ADDED from src\main\AndroidManifest.xml:14:5-36:19
MERGED from [:framework-debug:] AndroidManifest.xml:31:5-36:19
	android:label
		ADDED from src\main\AndroidManifest.xml:19:9-41
	android:hardwareAccelerated
		ADDED from src\main\AndroidManifest.xml:17:9-43
	android:allowBackup
		ADDED from src\main\AndroidManifest.xml:15:9-35
	android:icon
		ADDED from src\main\AndroidManifest.xml:18:9-43
		REJECTED from [:framework-debug:] AndroidManifest.xml:33:9-45
	android:theme
		ADDED from src\main\AndroidManifest.xml:20:9-40
	tools:replace
		ADDED from src\main\AndroidManifest.xml:16:9-37
meta-data#com.samsung.android.vr.application.mode
ADDED from src\main\AndroidManifest.xml:21:9-23:39
	android:value
		ADDED from src\main\AndroidManifest.xml:23:13-36
	android:name
		ADDED from src\main\AndroidManifest.xml:22:13-67
activity#org.gearvrf.events.EventsActivity
ADDED from src\main\AndroidManifest.xml:25:9-35:20
	android:screenOrientation
		ADDED from src\main\AndroidManifest.xml:29:13-50
	android:label
		ADDED from src\main\AndroidManifest.xml:27:13-45
	android:launchMode
		ADDED from src\main\AndroidManifest.xml:28:13-44
	android:name
		ADDED from src\main\AndroidManifest.xml:26:13-42
intent-filter#android.intent.action.MAIN+android.intent.category.LAUNCHER
ADDED from src\main\AndroidManifest.xml:30:13-34:29
action#android.intent.action.MAIN
ADDED from src\main\AndroidManifest.xml:31:17-69
	android:name
		ADDED from src\main\AndroidManifest.xml:31:25-66
category#android.intent.category.LAUNCHER
ADDED from src\main\AndroidManifest.xml:33:17-77
	android:name
		ADDED from src\main\AndroidManifest.xml:33:27-74
uses-feature#0x00030000
ADDED from [:framework-debug:] AndroidManifest.xml:27:5-29:35
	android:glEsVersion
		ADDED from [:framework-debug:] AndroidManifest.xml:28:9-41
	android:required
		ADDED from [:framework-debug:] AndroidManifest.xml:29:9-32
uses-feature#0x00020000
ADDED from [:google-vr-base:] AndroidManifest.xml:5:5-77
REJECTED from src\main\AndroidManifest.xml:5:5-77
	android:glEsVersion
		ADDED from [:google-vr-base:] AndroidManifest.xml:5:19-51
	android:required
		ADDED from [:google-vr-base:] AndroidManifest.xml:5:52-75
uses-permission#android.permission.NFC
ADDED from [:google-vr-base:] AndroidManifest.xml:6:5-61
	android:name
		ADDED from [:google-vr-base:] AndroidManifest.xml:6:22-59
uses-permission#android.permission.WRITE_EXTERNAL_STORAGE
ADDED from [:google-vr-base:] AndroidManifest.xml:8:5-80
	android:name
		ADDED from [:google-vr-base:] AndroidManifest.xml:8:22-78
uses-feature#android.software.vr.mode
ADDED from [:google-vr-base:] AndroidManifest.xml:11:5-85
	android:required
		ADDED from [:google-vr-base:] AndroidManifest.xml:11:59-83
	android:name
		ADDED from [:google-vr-base:] AndroidManifest.xml:11:19-58
uses-feature#android.hardware.vr.high_performance
ADDED from [:google-vr-base:] AndroidManifest.xml:12:5-97
	android:required
		ADDED from [:google-vr-base:] AndroidManifest.xml:12:71-95
	android:name
		ADDED from [:google-vr-base:] AndroidManifest.xml:12:19-70